<?xml version="1.0" encoding="UTF-8" standalone="no"?>
<testsuite failures="0" name="cucumber.runtime.formatter.JUnitFormatter" skipped="0" tests="1" time="37.35765">
<testcase classname="CqPlus application Test" name="Validiate CQPlus Home Page" time="37.35765">
<system-out><![CDATA[Given User Opens the Browser................................................passed
Then User is on login page..................................................passed
Then User enter "abhishek.goyal2@globallogic.com" and "Welcome@12"..........passed
Then click on News and Anyalze..............................................passed
Then Close the Browser......................................................passed
]]></system-out>
</testcase>
</testsuite>
