<?xml version="1.0" encoding="UTF-8" standalone="no"?>
<testsuite failures="0" name="cucumber.runtime.formatter.JUnitFormatter" skipped="0" tests="1" time="59.021002">
<testcase classname="CqPlus application Test" name="Validiate CQPlus Home Page" time="59.021002">
<system-out><![CDATA[Given User Opens the Browser................................................passed
Then User is on login page..................................................passed
Then User enter username and password.......................................passed
Then Close the Browser......................................................passed
]]></system-out>
</testcase>
</testsuite>
